2022-05-03 20:04:37.659  INFO 23780 --- [restartedMain] c.tweetapp.TweetApp.TweetAppApplication  : Starting TweetAppApplication on LAPTOP-T5G3PE07 with PID 23780 (C:\Users\ratho\Desktop\project\TweetApp\target\classes started by ratho in C:\Users\ratho\Desktop\project\TweetApp)
2022-05-03 20:04:37.663  INFO 23780 --- [restartedMain] c.tweetapp.TweetApp.TweetAppApplication  : No active profile set, falling back to default profiles: default
2022-05-03 20:04:37.720  INFO 23780 --- [restartedMain] o.s.b.devtools.restart.ChangeableUrls    : The Class-Path manifest attribute in C:\Users\ratho\.m2\repository\com\sun\xml\bind\jaxb-core\2.3.0\jaxb-core-2.3.0.jar referenced one or more files that do not exist: file:/C:/Users/ratho/.m2/repository/com/sun/xml/bind/jaxb-core/2.3.0/jaxb-api.jar
2022-05-03 20:04:37.721  INFO 23780 --- [restartedMain] o.s.b.devtools.restart.ChangeableUrls    : The Class-Path manifest attribute in C:\Users\ratho\.m2\repository\com\sun\xml\bind\jaxb-impl\2.3.0\jaxb-impl-2.3.0.jar referenced one or more files that do not exist: file:/C:/Users/ratho/.m2/repository/com/sun/xml/bind/jaxb-impl/2.3.0/jaxb-core.jar
2022-05-03 20:04:37.722  INFO 23780 --- [restartedMain] .e.DevToolsPropertyDefaultsPostProcessor : Devtools property defaults active! Set 'spring.devtools.add-properties' to 'false' to disable
2022-05-03 20:04:37.722  INFO 23780 --- [restartedMain] .e.DevToolsPropertyDefaultsPostProcessor : For additional web related logging consider setting the 'logging.level.web' property to 'DEBUG'
2022-05-03 20:04:39.209  INFO 23780 --- [restartedMain] .s.d.r.c.RepositoryConfigurationDelegate : Bootstrapping Spring Data MongoDB repositories in DEFAULT mode.
2022-05-03 20:04:39.298  INFO 23780 --- [restartedMain] .s.d.r.c.RepositoryConfigurationDelegate : Finished Spring Data repository scanning in 83ms. Found 4 MongoDB repository interfaces.
2022-05-03 20:04:40.378  INFO 23780 --- [restartedMain] o.s.b.w.embedded.tomcat.TomcatWebServer  : Tomcat initialized with port(s): 8080 (http)
2022-05-03 20:04:40.394  INFO 23780 --- [restartedMain] o.apache.catalina.core.StandardService   : Starting service [Tomcat]
2022-05-03 20:04:40.395  INFO 23780 --- [restartedMain] org.apache.catalina.core.StandardEngine  : Starting Servlet engine: [Apache Tomcat/9.0.45]
2022-05-03 20:04:40.506  INFO 23780 --- [restartedMain] o.a.c.c.C.[Tomcat].[localhost].[/]       : Initializing Spring embedded WebApplicationContext
2022-05-03 20:04:40.507  INFO 23780 --- [restartedMain] w.s.c.ServletWebServerApplicationContext : Root WebApplicationContext: initialization completed in 2784 ms
2022-05-03 20:04:40.942  INFO 23780 --- [restartedMain] org.mongodb.driver.cluster               : Cluster created with settings {hosts=[127.0.0.1:27017], srvHost=tweetcluster.jsrjs.mongodb.net, mode=MULTIPLE, requiredClusterType=REPLICA_SET, serverSelectionTimeout='30000 ms', requiredReplicaSetName='atlas-9y6n7h-shard-0'}
2022-05-03 20:04:40.981  INFO 23780 --- [cluster-ClusterId{value='62713d8058aad429c042fcbf', description='null'}-srv-tweetcluster.jsrjs.mongodb.net] org.mongodb.driver.cluster               : Adding discovered server tweetcluster-shard-00-00.jsrjs.mongodb.net:27017 to client view of cluster
2022-05-03 20:04:41.025  INFO 23780 --- [cluster-ClusterId{value='62713d8058aad429c042fcbf', description='null'}-srv-tweetcluster.jsrjs.mongodb.net] org.mongodb.driver.cluster               : Adding discovered server tweetcluster-shard-00-01.jsrjs.mongodb.net:27017 to client view of cluster
2022-05-03 20:04:41.029  INFO 23780 --- [cluster-ClusterId{value='62713d8058aad429c042fcbf', description='null'}-srv-tweetcluster.jsrjs.mongodb.net] org.mongodb.driver.cluster               : Adding discovered server tweetcluster-shard-00-02.jsrjs.mongodb.net:27017 to client view of cluster
2022-05-03 20:04:41.539  INFO 23780 --- [restartedMain] o.s.b.d.a.OptionalLiveReloadServer       : LiveReload server is running on port 35729
2022-05-03 20:04:41.831  INFO 23780 --- [cluster-ClusterId{value='62713d8058aad429c042fcbf', description='null'}-tweetcluster-shard-00-00.jsrjs.mongodb.net:27017] org.mongodb.driver.connection            : Opened connection [connectionId{localValue:1, serverValue:89323}] to tweetcluster-shard-00-00.jsrjs.mongodb.net:27017
2022-05-03 20:04:41.831  INFO 23780 --- [cluster-ClusterId{value='62713d8058aad429c042fcbf', description='null'}-tweetcluster-shard-00-01.jsrjs.mongodb.net:27017] org.mongodb.driver.connection            : Opened connection [connectionId{localValue:2, serverValue:88478}] to tweetcluster-shard-00-01.jsrjs.mongodb.net:27017
2022-05-03 20:04:41.832  INFO 23780 --- [cluster-ClusterId{value='62713d8058aad429c042fcbf', description='null'}-tweetcluster-shard-00-02.jsrjs.mongodb.net:27017] org.mongodb.driver.connection            : Opened connection [connectionId{localValue:3, serverValue:90208}] to tweetcluster-shard-00-02.jsrjs.mongodb.net:27017
2022-05-03 20:04:41.880  INFO 23780 --- [cluster-ClusterId{value='62713d8058aad429c042fcbf', description='null'}-tweetcluster-shard-00-02.jsrjs.mongodb.net:27017] org.mongodb.driver.cluster               : Monitor thread successfully connected to server with description ServerDescription{address=tweetcluster-shard-00-02.jsrjs.mongodb.net:27017, type=REPLICA_SET_PRIMARY, state=CONNECTED, ok=true, minWireVersion=0, maxWireVersion=13, maxDocumentSize=16777216, logicalSessionTimeoutMinutes=30, roundTripTimeNanos=46590300, setName='atlas-9y6n7h-shard-0', canonicalAddress=tweetcluster-shard-00-02.jsrjs.mongodb.net:27017, hosts=[tweetcluster-shard-00-02.jsrjs.mongodb.net:27017, tweetcluster-shard-00-00.jsrjs.mongodb.net:27017, tweetcluster-shard-00-01.jsrjs.mongodb.net:27017], passives=[], arbiters=[], primary='tweetcluster-shard-00-02.jsrjs.mongodb.net:27017', tagSet=TagSet{[Tag{name='nodeType', value='ELECTABLE'}, Tag{name='provider', value='AWS'}, Tag{name='region', value='AP_SOUTH_1'}, Tag{name='workloadType', value='OPERATIONAL'}]}, electionId=7fffffff0000000000000117, setVersion=8, lastWriteDate=Tue May 03 20:04:42 IST 2022, lastUpdateTimeNanos=186066093088100}
2022-05-03 20:04:41.880  INFO 23780 --- [cluster-ClusterId{value='62713d8058aad429c042fcbf', description='null'}-tweetcluster-shard-00-01.jsrjs.mongodb.net:27017] org.mongodb.driver.cluster               : Monitor thread successfully connected to server with description ServerDescription{address=tweetcluster-shard-00-01.jsrjs.mongodb.net:27017, type=REPLICA_SET_SECONDARY, state=CONNECTED, ok=true, minWireVersion=0, maxWireVersion=13, maxDocumentSize=16777216, logicalSessionTimeoutMinutes=30, roundTripTimeNanos=44760200, setName='atlas-9y6n7h-shard-0', canonicalAddress=tweetcluster-shard-00-01.jsrjs.mongodb.net:27017, hosts=[tweetcluster-shard-00-02.jsrjs.mongodb.net:27017, tweetcluster-shard-00-00.jsrjs.mongodb.net:27017, tweetcluster-shard-00-01.jsrjs.mongodb.net:27017], passives=[], arbiters=[], primary='tweetcluster-shard-00-02.jsrjs.mongodb.net:27017', tagSet=TagSet{[Tag{name='nodeType', value='ELECTABLE'}, Tag{name='provider', value='AWS'}, Tag{name='region', value='AP_SOUTH_1'}, Tag{name='workloadType', value='OPERATIONAL'}]}, electionId=null, setVersion=8, lastWriteDate=Tue May 03 20:04:42 IST 2022, lastUpdateTimeNanos=186066091932000}
2022-05-03 20:04:41.882  INFO 23780 --- [cluster-ClusterId{value='62713d8058aad429c042fcbf', description='null'}-tweetcluster-shard-00-02.jsrjs.mongodb.net:27017] org.mongodb.driver.cluster               : Setting max election id to 7fffffff0000000000000117 from replica set primary tweetcluster-shard-00-02.jsrjs.mongodb.net:27017
2022-05-03 20:04:41.883  INFO 23780 --- [cluster-ClusterId{value='62713d8058aad429c042fcbf', description='null'}-tweetcluster-shard-00-02.jsrjs.mongodb.net:27017] org.mongodb.driver.cluster               : Setting max set version to 8 from replica set primary tweetcluster-shard-00-02.jsrjs.mongodb.net:27017
2022-05-03 20:04:41.883  INFO 23780 --- [cluster-ClusterId{value='62713d8058aad429c042fcbf', description='null'}-tweetcluster-shard-00-02.jsrjs.mongodb.net:27017] org.mongodb.driver.cluster               : Discovered replica set primary tweetcluster-shard-00-02.jsrjs.mongodb.net:27017
2022-05-03 20:04:41.884  INFO 23780 --- [cluster-ClusterId{value='62713d8058aad429c042fcbf', description='null'}-tweetcluster-shard-00-00.jsrjs.mongodb.net:27017] org.mongodb.driver.cluster               : Monitor thread successfully connected to server with description ServerDescription{address=tweetcluster-shard-00-00.jsrjs.mongodb.net:27017, type=REPLICA_SET_SECONDARY, state=CONNECTED, ok=true, minWireVersion=0, maxWireVersion=13, maxDocumentSize=16777216, logicalSessionTimeoutMinutes=30, roundTripTimeNanos=51037400, setName='atlas-9y6n7h-shard-0', canonicalAddress=tweetcluster-shard-00-00.jsrjs.mongodb.net:27017, hosts=[tweetcluster-shard-00-02.jsrjs.mongodb.net:27017, tweetcluster-shard-00-00.jsrjs.mongodb.net:27017, tweetcluster-shard-00-01.jsrjs.mongodb.net:27017], passives=[], arbiters=[], primary='tweetcluster-shard-00-02.jsrjs.mongodb.net:27017', tagSet=TagSet{[Tag{name='nodeType', value='ELECTABLE'}, Tag{name='provider', value='AWS'}, Tag{name='region', value='AP_SOUTH_1'}, Tag{name='workloadType', value='OPERATIONAL'}]}, electionId=null, setVersion=8, lastWriteDate=Tue May 03 20:04:42 IST 2022, lastUpdateTimeNanos=186066097532900}
2022-05-03 20:04:42.310  INFO 23780 --- [restartedMain] o.s.b.a.e.web.EndpointLinksResolver      : Exposing 15 endpoint(s) beneath base path '/actuator'
2022-05-03 20:04:42.590  INFO 23780 --- [restartedMain] pertySourcedRequestMappingHandlerMapping : Mapped URL path [/v2/api-docs] onto method [springfox.documentation.swagger2.web.Swagger2Controller#getDocumentation(String, HttpServletRequest)]
2022-05-03 20:04:42.694  INFO 23780 --- [restartedMain] o.s.s.web.DefaultSecurityFilterChain     : Creating filter chain: any request, [org.springframework.security.web.context.request.async.WebAsyncManagerIntegrationFilter@12899bc4, org.springframework.security.web.context.SecurityContextPersistenceFilter@58f78b19, org.springframework.security.web.header.HeaderWriterFilter@284de64, org.springframework.web.filter.CorsFilter@26b40b40, org.springframework.security.web.authentication.logout.LogoutFilter@2774830e, com.tweetapp.TweetApp.security.JWTFilter@44ae9ed5, org.springframework.security.web.savedrequest.RequestCacheAwareFilter@e96f71e, org.springframework.security.web.servletapi.SecurityContextHolderAwareRequestFilter@7dd9d294, org.springframework.security.web.authentication.AnonymousAuthenticationFilter@5e7f52de, org.springframework.security.web.session.SessionManagementFilter@1cc6b769, org.springframework.security.web.access.ExceptionTranslationFilter@4a9956c, org.springframework.security.web.access.intercept.FilterSecurityInterceptor@1199b85a]
2022-05-03 20:04:42.797  INFO 23780 --- [restartedMain] o.s.s.concurrent.ThreadPoolTaskExecutor  : Initializing ExecutorService 'applicationTaskExecutor'
2022-05-03 20:04:43.039  INFO 23780 --- [restartedMain] o.s.b.w.embedded.tomcat.TomcatWebServer  : Tomcat started on port(s): 8080 (http) with context path ''
2022-05-03 20:04:43.041  INFO 23780 --- [restartedMain] d.s.w.p.DocumentationPluginsBootstrapper : Context refreshed
2022-05-03 20:04:43.071  INFO 23780 --- [restartedMain] d.s.w.p.DocumentationPluginsBootstrapper : Found 1 custom documentation plugin(s)
2022-05-03 20:04:43.120  INFO 23780 --- [restartedMain] s.d.s.w.s.ApiListingReferenceScanner     : Scanning for api listing references
2022-05-03 20:04:43.345  INFO 23780 --- [restartedMain] c.tweetapp.TweetApp.TweetAppApplication  : Started TweetAppApplication in 6.168 seconds (JVM running for 6.831)
2022-05-03 20:06:27.321  INFO 23780 --- [http-nio-8080-exec-1] o.a.c.c.C.[Tomcat].[localhost].[/]       : Initializing Spring DispatcherServlet 'dispatcherServlet'
2022-05-03 20:06:27.321  INFO 23780 --- [http-nio-8080-exec-1] o.s.web.servlet.DispatcherServlet        : Initializing Servlet 'dispatcherServlet'
2022-05-03 20:06:27.330  INFO 23780 --- [http-nio-8080-exec-1] o.s.web.servlet.DispatcherServlet        : Completed initialization in 8 ms
2022-05-03 20:06:27.432  INFO 23780 --- [http-nio-8080-exec-1] c.t.T.c.AuthenticationController         : inside login method of AuthenticationController
2022-05-03 20:06:27.434  INFO 23780 --- [http-nio-8080-exec-1] c.t.T.mapper.AuthenticationMapper        : inside login mwthod of AuthenticationMapper
2022-05-03 20:06:27.434  INFO 23780 --- [http-nio-8080-exec-1] c.t.T.s.impl.AuthenticationServiceImpl   : Inside login method of AuthenticationServiceImpl
2022-05-03 20:06:27.466  INFO 23780 --- [http-nio-8080-exec-1] c.t.T.security.MyUserDetailsService      : inside loadUserByUsername method of MyUserDetailsService
2022-05-03 20:06:27.980  INFO 23780 --- [http-nio-8080-exec-1] org.mongodb.driver.connection            : Opened connection [connectionId{localValue:4, serverValue:90525}] to tweetcluster-shard-00-02.jsrjs.mongodb.net:27017
2022-05-03 20:06:28.237  INFO 23780 --- [http-nio-8080-exec-1] c.t.T.s.impl.AuthenticationServiceImpl   : Login is successfull and token is genrated
